<?xml version="1.0" encoding="UTF-8"?>
<!-- Generated by org.testng.reporters.JUnitReportReporter -->
<testsuite hostname="DESKTOP-V147ES9" failures="0" tests="2" name="com.tests.appium.TestAppium" time="108.042" errors="0" timestamp="2021-06-22T22:46:57 EET" skipped="0">
  <testcase classname="com.tests.appium.TestAppium" name="checkSuccessfulRegistration" time="58.685"/>
  <system-out/>
  <testcase classname="com.tests.appium.TestAppium" name="checkSuccessfulLogin" time="49.357"/>
  <system-out/>
</testsuite> <!-- com.tests.appium.TestAppium -->
